<?xml version="1.0" encoding="UTF-8"?>
<!-- Generated by org.testng.reporters.JUnitXMLReporter -->
<testsuite hostname="Prabin" ignored="0" name="Default test" tests="4" failures="0" timestamp="30 Apr 2022 06:19:51 GMT" time="3.818" errors="0">
  <testcase name="createNewProduct" time="2.336" classname="testCases.EndToEndProductDeleteTest"/>
  <testcase name="readAllProducts" time="0.736" classname="testCases.EndToEndProductDeleteTest"/>
  <testcase name="deleteProduct" time="0.358" classname="testCases.EndToEndProductDeleteTest"/>
  <testcase name="readDeletedProduct" time="0.362" classname="testCases.EndToEndProductDeleteTest"/>
</testsuite> <!-- Default test -->
